CRITICAL - 2023-09-26 19:59:18 --> Call to a member function get() on null
in APPPATH\Config\Routes.php on line 11.
 1 SYSTEMPATH\Router\RouteCollection.php(337): require()
 2 SYSTEMPATH\CodeIgniter.php(783): CodeIgniter\Router\RouteCollection->loadRoutes()
 3 SYSTEMPATH\CodeIgniter.php(442): CodeIgniter\CodeIgniter->tryToRouteIt(null)
 4 SYSTEMPATH\CodeIgniter.php(353): CodeIgniter\CodeIgniter->handleRequest(null, Object(Config\Cache), false)
 5 FCPATH\index.php(79): CodeIgniter\CodeIgniter->run()
CRITICAL - 2023-09-26 19:59:58 --> Call to a member function get() on null
in APPPATH\Config\Routes.php on line 11.
 1 SYSTEMPATH\Router\RouteCollection.php(337): require()
 2 SYSTEMPATH\CodeIgniter.php(783): CodeIgniter\Router\RouteCollection->loadRoutes()
 3 SYSTEMPATH\CodeIgniter.php(442): CodeIgniter\CodeIgniter->tryToRouteIt(null)
 4 SYSTEMPATH\CodeIgniter.php(353): CodeIgniter\CodeIgniter->handleRequest(null, Object(Config\Cache), false)
 5 FCPATH\index.php(79): CodeIgniter\CodeIgniter->run()
CRITICAL - 2023-09-26 19:59:59 --> Call to a member function get() on null
in APPPATH\Config\Routes.php on line 11.
 1 SYSTEMPATH\Router\RouteCollection.php(337): require()
 2 SYSTEMPATH\CodeIgniter.php(783): CodeIgniter\Router\RouteCollection->loadRoutes()
 3 SYSTEMPATH\CodeIgniter.php(442): CodeIgniter\CodeIgniter->tryToRouteIt(null)
 4 SYSTEMPATH\CodeIgniter.php(353): CodeIgniter\CodeIgniter->handleRequest(null, Object(Config\Cache), false)
 5 FCPATH\index.php(79): CodeIgniter\CodeIgniter->run()
CRITICAL - 2023-09-26 19:59:59 --> Call to a member function get() on null
in APPPATH\Config\Routes.php on line 11.
 1 SYSTEMPATH\Router\RouteCollection.php(337): require()
 2 SYSTEMPATH\CodeIgniter.php(783): CodeIgniter\Router\RouteCollection->loadRoutes()
 3 SYSTEMPATH\CodeIgniter.php(442): CodeIgniter\CodeIgniter->tryToRouteIt(null)
 4 SYSTEMPATH\CodeIgniter.php(353): CodeIgniter\CodeIgniter->handleRequest(null, Object(Config\Cache), false)
 5 FCPATH\index.php(79): CodeIgniter\CodeIgniter->run()
CRITICAL - 2023-09-26 20:00:03 --> Call to a member function get() on null
in APPPATH\Config\Routes.php on line 11.
 1 SYSTEMPATH\Router\RouteCollection.php(337): require()
 2 SYSTEMPATH\CodeIgniter.php(783): CodeIgniter\Router\RouteCollection->loadRoutes()
 3 SYSTEMPATH\CodeIgniter.php(442): CodeIgniter\CodeIgniter->tryToRouteIt(null)
 4 SYSTEMPATH\CodeIgniter.php(353): CodeIgniter\CodeIgniter->handleRequest(null, Object(Config\Cache), false)
 5 FCPATH\index.php(79): CodeIgniter\CodeIgniter->run()
CRITICAL - 2023-09-26 20:00:23 --> Call to a member function get() on null
in APPPATH\Config\Routes.php on line 11.
 1 SYSTEMPATH\Router\RouteCollection.php(337): require()
 2 SYSTEMPATH\CodeIgniter.php(783): CodeIgniter\Router\RouteCollection->loadRoutes()
 3 SYSTEMPATH\CodeIgniter.php(442): CodeIgniter\CodeIgniter->tryToRouteIt(null)
 4 SYSTEMPATH\CodeIgniter.php(353): CodeIgniter\CodeIgniter->handleRequest(null, Object(Config\Cache), false)
 5 FCPATH\index.php(79): CodeIgniter\CodeIgniter->run()
CRITICAL - 2023-09-26 20:00:24 --> Call to a member function get() on null
in APPPATH\Config\Routes.php on line 11.
 1 SYSTEMPATH\Router\RouteCollection.php(337): require()
 2 SYSTEMPATH\CodeIgniter.php(783): CodeIgniter\Router\RouteCollection->loadRoutes()
 3 SYSTEMPATH\CodeIgniter.php(442): CodeIgniter\CodeIgniter->tryToRouteIt(null)
 4 SYSTEMPATH\CodeIgniter.php(353): CodeIgniter\CodeIgniter->handleRequest(null, Object(Config\Cache), false)
 5 FCPATH\index.php(79): CodeIgniter\CodeIgniter->run()
CRITICAL - 2023-09-26 20:01:15 --> Invalid argument supplied for foreach()
in APPPATH\Views\v_addadm.php on line 56.
 1 APPPATH\Views\v_addadm.php(56): CodeIgniter\Debug\Exceptions->errorHandler(2, 'Invalid argument supplied for foreach()', 'C:\\xampp\\htdocs\\sim-magang\\app\\Views\\v_addadm.php', 56, [...])
 2 SYSTEMPATH\View\View.php(226): include('C:\\xampp\\htdocs\\sim-magang\\app\\Views\\v_addadm.php')
 3 SYSTEMPATH\View\View.php(229): CodeIgniter\View\View->CodeIgniter\View\{closure}()
 4 SYSTEMPATH\Common.php(1178): CodeIgniter\View\View->render('v_addadm', [], true)
 5 APPPATH\Views\v_template.php(152): view('v_addadm')
 6 SYSTEMPATH\View\View.php(226): include('C:\\xampp\\htdocs\\sim-magang\\app\\Views\\v_template.php')
 7 SYSTEMPATH\View\View.php(229): CodeIgniter\View\View->CodeIgniter\View\{closure}()
 8 SYSTEMPATH\Common.php(1178): CodeIgniter\View\View->render('v_template', [], true)
 9 APPPATH\Controllers\Admin.php(28): view('v_template', [...])
10 SYSTEMPATH\CodeIgniter.php(915): App\Controllers\Admin->add()
11 SYSTEMPATH\CodeIgniter.php(492): CodeIgniter\CodeIgniter->runController(Object(App\Controllers\Admin))
12 SYSTEMPATH\CodeIgniter.php(353): CodeIgniter\CodeIgniter->handleRequest(null, Object(Config\Cache), false)
13 FCPATH\index.php(79): CodeIgniter\CodeIgniter->run()
CRITICAL - 2023-09-26 20:01:16 --> Invalid argument supplied for foreach()
in APPPATH\Views\v_addadm.php on line 56.
 1 APPPATH\Views\v_addadm.php(56): CodeIgniter\Debug\Exceptions->errorHandler(2, 'Invalid argument supplied for foreach()', 'C:\\xampp\\htdocs\\sim-magang\\app\\Views\\v_addadm.php', 56, [...])
 2 SYSTEMPATH\View\View.php(226): include('C:\\xampp\\htdocs\\sim-magang\\app\\Views\\v_addadm.php')
 3 SYSTEMPATH\View\View.php(229): CodeIgniter\View\View->CodeIgniter\View\{closure}()
 4 SYSTEMPATH\Common.php(1178): CodeIgniter\View\View->render('v_addadm', [], true)
 5 APPPATH\Views\v_template.php(152): view('v_addadm')
 6 SYSTEMPATH\View\View.php(226): include('C:\\xampp\\htdocs\\sim-magang\\app\\Views\\v_template.php')
 7 SYSTEMPATH\View\View.php(229): CodeIgniter\View\View->CodeIgniter\View\{closure}()
 8 SYSTEMPATH\Common.php(1178): CodeIgniter\View\View->render('v_template', [], true)
 9 APPPATH\Controllers\Admin.php(28): view('v_template', [...])
10 SYSTEMPATH\CodeIgniter.php(915): App\Controllers\Admin->add()
11 SYSTEMPATH\CodeIgniter.php(492): CodeIgniter\CodeIgniter->runController(Object(App\Controllers\Admin))
12 SYSTEMPATH\CodeIgniter.php(353): CodeIgniter\CodeIgniter->handleRequest(null, Object(Config\Cache), false)
13 FCPATH\index.php(79): CodeIgniter\CodeIgniter->run()
CRITICAL - 2023-09-26 20:01:31 --> Invalid argument supplied for foreach()
in APPPATH\Views\v_addadm.php on line 56.
 1 APPPATH\Views\v_addadm.php(56): CodeIgniter\Debug\Exceptions->errorHandler(2, 'Invalid argument supplied for foreach()', 'C:\\xampp\\htdocs\\sim-magang\\app\\Views\\v_addadm.php', 56, [...])
 2 SYSTEMPATH\View\View.php(226): include('C:\\xampp\\htdocs\\sim-magang\\app\\Views\\v_addadm.php')
 3 SYSTEMPATH\View\View.php(229): CodeIgniter\View\View->CodeIgniter\View\{closure}()
 4 SYSTEMPATH\Common.php(1178): CodeIgniter\View\View->render('v_addadm', [], true)
 5 APPPATH\Views\v_template.php(152): view('v_addadm')
 6 SYSTEMPATH\View\View.php(226): include('C:\\xampp\\htdocs\\sim-magang\\app\\Views\\v_template.php')
 7 SYSTEMPATH\View\View.php(229): CodeIgniter\View\View->CodeIgniter\View\{closure}()
 8 SYSTEMPATH\Common.php(1178): CodeIgniter\View\View->render('v_template', [], true)
 9 APPPATH\Controllers\Admin.php(28): view('v_template', [...])
10 SYSTEMPATH\CodeIgniter.php(915): App\Controllers\Admin->add()
11 SYSTEMPATH\CodeIgniter.php(492): CodeIgniter\CodeIgniter->runController(Object(App\Controllers\Admin))
12 SYSTEMPATH\CodeIgniter.php(353): CodeIgniter\CodeIgniter->handleRequest(null, Object(Config\Cache), false)
13 FCPATH\index.php(79): CodeIgniter\CodeIgniter->run()
CRITICAL - 2023-09-26 20:01:31 --> Invalid argument supplied for foreach()
in APPPATH\Views\v_addadm.php on line 56.
 1 APPPATH\Views\v_addadm.php(56): CodeIgniter\Debug\Exceptions->errorHandler(2, 'Invalid argument supplied for foreach()', 'C:\\xampp\\htdocs\\sim-magang\\app\\Views\\v_addadm.php', 56, [...])
 2 SYSTEMPATH\View\View.php(226): include('C:\\xampp\\htdocs\\sim-magang\\app\\Views\\v_addadm.php')
 3 SYSTEMPATH\View\View.php(229): CodeIgniter\View\View->CodeIgniter\View\{closure}()
 4 SYSTEMPATH\Common.php(1178): CodeIgniter\View\View->render('v_addadm', [], true)
 5 APPPATH\Views\v_template.php(152): view('v_addadm')
 6 SYSTEMPATH\View\View.php(226): include('C:\\xampp\\htdocs\\sim-magang\\app\\Views\\v_template.php')
 7 SYSTEMPATH\View\View.php(229): CodeIgniter\View\View->CodeIgniter\View\{closure}()
 8 SYSTEMPATH\Common.php(1178): CodeIgniter\View\View->render('v_template', [], true)
 9 APPPATH\Controllers\Admin.php(28): view('v_template', [...])
10 SYSTEMPATH\CodeIgniter.php(915): App\Controllers\Admin->add()
11 SYSTEMPATH\CodeIgniter.php(492): CodeIgniter\CodeIgniter->runController(Object(App\Controllers\Admin))
12 SYSTEMPATH\CodeIgniter.php(353): CodeIgniter\CodeIgniter->handleRequest(null, Object(Config\Cache), false)
13 FCPATH\index.php(79): CodeIgniter\CodeIgniter->run()
CRITICAL - 2023-09-26 20:01:38 --> Invalid argument supplied for foreach()
in APPPATH\Views\v_addadm.php on line 57.
 1 APPPATH\Views\v_addadm.php(57): CodeIgniter\Debug\Exceptions->errorHandler(2, 'Invalid argument supplied for foreach()', 'C:\\xampp\\htdocs\\sim-magang\\app\\Views\\v_addadm.php', 57, [...])
 2 SYSTEMPATH\View\View.php(226): include('C:\\xampp\\htdocs\\sim-magang\\app\\Views\\v_addadm.php')
 3 SYSTEMPATH\View\View.php(229): CodeIgniter\View\View->CodeIgniter\View\{closure}()
 4 SYSTEMPATH\Common.php(1178): CodeIgniter\View\View->render('v_addadm', [], true)
 5 APPPATH\Views\v_template.php(152): view('v_addadm')
 6 SYSTEMPATH\View\View.php(226): include('C:\\xampp\\htdocs\\sim-magang\\app\\Views\\v_template.php')
 7 SYSTEMPATH\View\View.php(229): CodeIgniter\View\View->CodeIgniter\View\{closure}()
 8 SYSTEMPATH\Common.php(1178): CodeIgniter\View\View->render('v_template', [], true)
 9 APPPATH\Controllers\Admin.php(28): view('v_template', [...])
10 SYSTEMPATH\CodeIgniter.php(915): App\Controllers\Admin->add()
11 SYSTEMPATH\CodeIgniter.php(492): CodeIgniter\CodeIgniter->runController(Object(App\Controllers\Admin))
12 SYSTEMPATH\CodeIgniter.php(353): CodeIgniter\CodeIgniter->handleRequest(null, Object(Config\Cache), false)
13 FCPATH\index.php(79): CodeIgniter\CodeIgniter->run()
CRITICAL - 2023-09-26 20:01:38 --> Invalid argument supplied for foreach()
in APPPATH\Views\v_addadm.php on line 57.
 1 APPPATH\Views\v_addadm.php(57): CodeIgniter\Debug\Exceptions->errorHandler(2, 'Invalid argument supplied for foreach()', 'C:\\xampp\\htdocs\\sim-magang\\app\\Views\\v_addadm.php', 57, [...])
 2 SYSTEMPATH\View\View.php(226): include('C:\\xampp\\htdocs\\sim-magang\\app\\Views\\v_addadm.php')
 3 SYSTEMPATH\View\View.php(229): CodeIgniter\View\View->CodeIgniter\View\{closure}()
 4 SYSTEMPATH\Common.php(1178): CodeIgniter\View\View->render('v_addadm', [], true)
 5 APPPATH\Views\v_template.php(152): view('v_addadm')
 6 SYSTEMPATH\View\View.php(226): include('C:\\xampp\\htdocs\\sim-magang\\app\\Views\\v_template.php')
 7 SYSTEMPATH\View\View.php(229): CodeIgniter\View\View->CodeIgniter\View\{closure}()
 8 SYSTEMPATH\Common.php(1178): CodeIgniter\View\View->render('v_template', [], true)
 9 APPPATH\Controllers\Admin.php(28): view('v_template', [...])
10 SYSTEMPATH\CodeIgniter.php(915): App\Controllers\Admin->add()
11 SYSTEMPATH\CodeIgniter.php(492): CodeIgniter\CodeIgniter->runController(Object(App\Controllers\Admin))
12 SYSTEMPATH\CodeIgniter.php(353): CodeIgniter\CodeIgniter->handleRequest(null, Object(Config\Cache), false)
13 FCPATH\index.php(79): CodeIgniter\CodeIgniter->run()
CRITICAL - 2023-09-26 20:01:39 --> Invalid argument supplied for foreach()
in APPPATH\Views\v_addadm.php on line 57.
 1 APPPATH\Views\v_addadm.php(57): CodeIgniter\Debug\Exceptions->errorHandler(2, 'Invalid argument supplied for foreach()', 'C:\\xampp\\htdocs\\sim-magang\\app\\Views\\v_addadm.php', 57, [...])
 2 SYSTEMPATH\View\View.php(226): include('C:\\xampp\\htdocs\\sim-magang\\app\\Views\\v_addadm.php')
 3 SYSTEMPATH\View\View.php(229): CodeIgniter\View\View->CodeIgniter\View\{closure}()
 4 SYSTEMPATH\Common.php(1178): CodeIgniter\View\View->render('v_addadm', [], true)
 5 APPPATH\Views\v_template.php(152): view('v_addadm')
 6 SYSTEMPATH\View\View.php(226): include('C:\\xampp\\htdocs\\sim-magang\\app\\Views\\v_template.php')
 7 SYSTEMPATH\View\View.php(229): CodeIgniter\View\View->CodeIgniter\View\{closure}()
 8 SYSTEMPATH\Common.php(1178): CodeIgniter\View\View->render('v_template', [], true)
 9 APPPATH\Controllers\Admin.php(28): view('v_template', [...])
10 SYSTEMPATH\CodeIgniter.php(915): App\Controllers\Admin->add()
11 SYSTEMPATH\CodeIgniter.php(492): CodeIgniter\CodeIgniter->runController(Object(App\Controllers\Admin))
12 SYSTEMPATH\CodeIgniter.php(353): CodeIgniter\CodeIgniter->handleRequest(null, Object(Config\Cache), false)
13 FCPATH\index.php(79): CodeIgniter\CodeIgniter->run()
CRITICAL - 2023-09-26 20:03:44 --> Invalid argument supplied for foreach()
in APPPATH\Views\v_addadm.php on line 56.
 1 APPPATH\Views\v_addadm.php(56): CodeIgniter\Debug\Exceptions->errorHandler(2, 'Invalid argument supplied for foreach()', 'C:\\xampp\\htdocs\\sim-magang\\app\\Views\\v_addadm.php', 56, [...])
 2 SYSTEMPATH\View\View.php(226): include('C:\\xampp\\htdocs\\sim-magang\\app\\Views\\v_addadm.php')
 3 SYSTEMPATH\View\View.php(229): CodeIgniter\View\View->CodeIgniter\View\{closure}()
 4 SYSTEMPATH\Common.php(1178): CodeIgniter\View\View->render('v_addadm', [], true)
 5 APPPATH\Views\v_template.php(152): view('v_addadm')
 6 SYSTEMPATH\View\View.php(226): include('C:\\xampp\\htdocs\\sim-magang\\app\\Views\\v_template.php')
 7 SYSTEMPATH\View\View.php(229): CodeIgniter\View\View->CodeIgniter\View\{closure}()
 8 SYSTEMPATH\Common.php(1178): CodeIgniter\View\View->render('v_template', [], true)
 9 APPPATH\Controllers\Admin.php(28): view('v_template', [...])
10 SYSTEMPATH\CodeIgniter.php(915): App\Controllers\Admin->add()
11 SYSTEMPATH\CodeIgniter.php(492): CodeIgniter\CodeIgniter->runController(Object(App\Controllers\Admin))
12 SYSTEMPATH\CodeIgniter.php(353): CodeIgniter\CodeIgniter->handleRequest(null, Object(Config\Cache), false)
13 FCPATH\index.php(79): CodeIgniter\CodeIgniter->run()
ERROR - 2023-09-26 20:27:43 --> mysqli_sql_exception: Table 'simagang.tbl_user' doesn't exist in C:\xampp\htdocs\sim-magang\system\Database\MySQLi\Connection.php:306
Stack trace:
#0 C:\xampp\htdocs\sim-magang\system\Database\MySQLi\Connection.php(306): mysqli->query('SELECT 1\nFROM `...', 0)
#1 C:\xampp\htdocs\sim-magang\system\Database\BaseConnection.php(692): CodeIgniter\Database\MySQLi\Connection->execute('SELECT 1\nFROM `...')
#2 C:\xampp\htdocs\sim-magang\system\Database\BaseConnection.php(606): CodeIgniter\Database\BaseConnection->simpleQuery('SELECT 1\nFROM `...')
#3 C:\xampp\htdocs\sim-magang\system\Database\BaseBuilder.php(1616): CodeIgniter\Database\BaseConnection->query('SELECT 1\nFROM `...', Array, false)
#4 C:\xampp\htdocs\sim-magang\system\Validation\StrictRules\Rules.php(206): CodeIgniter\Database\BaseBuilder->get()
#5 C:\xampp\htdocs\sim-magang\system\Validation\Validation.php(309): CodeIgniter\Validation\StrictRules\Rules->is_unique('mangudin067@gma...', 'email', Array, NULL, 'email')
#6 C:\xampp\htdocs\sim-magang\system\Validation\Validation.php(195): CodeIgniter\Validation\Validation->processRules('email', 'E-mail', 'mangudin067@gma...', Array, Array)
#7 C:\xampp\htdocs\sim-magang\system\Controller.php(150): CodeIgniter\Validation\Validation->run()
#8 C:\xampp\htdocs\sim-magang\app\Controllers\Admin.php(34): CodeIgniter\Controller->validate(Array)
#9 C:\xampp\htdocs\sim-magang\system\CodeIgniter.php(915): App\Controllers\Admin->insertadm()
#10 C:\xampp\htdocs\sim-magang\system\CodeIgniter.php(492): CodeIgniter\CodeIgniter->runController(Object(App\Controllers\Admin))
#11 C:\xampp\htdocs\sim-magang\system\CodeIgniter.php(353): CodeIgniter\CodeIgniter->handleRequest(NULL, Object(Config\Cache), false)
#12 C:\xampp\htdocs\sim-magang\public\index.php(79): CodeIgniter\CodeIgniter->run()
#13 {main}
CRITICAL - 2023-09-26 20:27:43 --> Table 'simagang.tbl_user' doesn't exist
in SYSTEMPATH\Database\BaseConnection.php on line 646.
 1 SYSTEMPATH\Database\BaseBuilder.php(1616): CodeIgniter\Database\BaseConnection->query('SELECT 1
FROM `tbl_user`
WHERE `email` = :email:
 LIMIT 1', [...], false)
 2 SYSTEMPATH\Validation\StrictRules\Rules.php(206): CodeIgniter\Database\BaseBuilder->get()
 3 SYSTEMPATH\Validation\Validation.php(309): CodeIgniter\Validation\StrictRules\Rules->is_unique('mangudin067@gmail.com', 'email', [...], null, 'email')
 4 SYSTEMPATH\Validation\Validation.php(195): CodeIgniter\Validation\Validation->processRules('email', 'E-mail', 'mangudin067@gmail.com', [...], [...])
 5 SYSTEMPATH\Controller.php(150): CodeIgniter\Validation\Validation->run()
 6 APPPATH\Controllers\Admin.php(34): CodeIgniter\Controller->validate([...])
 7 SYSTEMPATH\CodeIgniter.php(915): App\Controllers\Admin->insertadm()
 8 SYSTEMPATH\CodeIgniter.php(492): CodeIgniter\CodeIgniter->runController(Object(App\Controllers\Admin))
 9 SYSTEMPATH\CodeIgniter.php(353): CodeIgniter\CodeIgniter->handleRequest(null, Object(Config\Cache), false)
10 FCPATH\index.php(79): CodeIgniter\CodeIgniter->run()
ERROR - 2023-09-26 20:30:32 --> mysqli_sql_exception: Table 'simagang.tbl_user' doesn't exist in C:\xampp\htdocs\sim-magang\system\Database\MySQLi\Connection.php:306
Stack trace:
#0 C:\xampp\htdocs\sim-magang\system\Database\MySQLi\Connection.php(306): mysqli->query('SELECT 1\nFROM `...', 0)
#1 C:\xampp\htdocs\sim-magang\system\Database\BaseConnection.php(692): CodeIgniter\Database\MySQLi\Connection->execute('SELECT 1\nFROM `...')
#2 C:\xampp\htdocs\sim-magang\system\Database\BaseConnection.php(606): CodeIgniter\Database\BaseConnection->simpleQuery('SELECT 1\nFROM `...')
#3 C:\xampp\htdocs\sim-magang\system\Database\BaseBuilder.php(1616): CodeIgniter\Database\BaseConnection->query('SELECT 1\nFROM `...', Array, false)
#4 C:\xampp\htdocs\sim-magang\system\Validation\StrictRules\Rules.php(206): CodeIgniter\Database\BaseBuilder->get()
#5 C:\xampp\htdocs\sim-magang\system\Validation\Validation.php(309): CodeIgniter\Validation\StrictRules\Rules->is_unique('mangudin067@gma...', 'email', Array, NULL, 'email')
#6 C:\xampp\htdocs\sim-magang\system\Validation\Validation.php(195): CodeIgniter\Validation\Validation->processRules('email', 'E-mail', 'mangudin067@gma...', Array, Array)
#7 C:\xampp\htdocs\sim-magang\system\Controller.php(150): CodeIgniter\Validation\Validation->run()
#8 C:\xampp\htdocs\sim-magang\app\Controllers\Admin.php(34): CodeIgniter\Controller->validate(Array)
#9 C:\xampp\htdocs\sim-magang\system\CodeIgniter.php(915): App\Controllers\Admin->insertadm()
#10 C:\xampp\htdocs\sim-magang\system\CodeIgniter.php(492): CodeIgniter\CodeIgniter->runController(Object(App\Controllers\Admin))
#11 C:\xampp\htdocs\sim-magang\system\CodeIgniter.php(353): CodeIgniter\CodeIgniter->handleRequest(NULL, Object(Config\Cache), false)
#12 C:\xampp\htdocs\sim-magang\public\index.php(79): CodeIgniter\CodeIgniter->run()
#13 {main}
CRITICAL - 2023-09-26 20:30:32 --> Table 'simagang.tbl_user' doesn't exist
in SYSTEMPATH\Database\BaseConnection.php on line 646.
 1 SYSTEMPATH\Database\BaseBuilder.php(1616): CodeIgniter\Database\BaseConnection->query('SELECT 1
FROM `tbl_user`
WHERE `email` = :email:
 LIMIT 1', [...], false)
 2 SYSTEMPATH\Validation\StrictRules\Rules.php(206): CodeIgniter\Database\BaseBuilder->get()
 3 SYSTEMPATH\Validation\Validation.php(309): CodeIgniter\Validation\StrictRules\Rules->is_unique('mangudin067@gmail.com', 'email', [...], null, 'email')
 4 SYSTEMPATH\Validation\Validation.php(195): CodeIgniter\Validation\Validation->processRules('email', 'E-mail', 'mangudin067@gmail.com', [...], [...])
 5 SYSTEMPATH\Controller.php(150): CodeIgniter\Validation\Validation->run()
 6 APPPATH\Controllers\Admin.php(34): CodeIgniter\Controller->validate([...])
 7 SYSTEMPATH\CodeIgniter.php(915): App\Controllers\Admin->insertadm()
 8 SYSTEMPATH\CodeIgniter.php(492): CodeIgniter\CodeIgniter->runController(Object(App\Controllers\Admin))
 9 SYSTEMPATH\CodeIgniter.php(353): CodeIgniter\CodeIgniter->handleRequest(null, Object(Config\Cache), false)
10 FCPATH\index.php(79): CodeIgniter\CodeIgniter->run()
ERROR - 2023-09-26 20:33:48 --> mysqli_sql_exception: Table 'simagang.tbl_user' doesn't exist in C:\xampp\htdocs\sim-magang\system\Database\MySQLi\Connection.php:306
Stack trace:
#0 C:\xampp\htdocs\sim-magang\system\Database\MySQLi\Connection.php(306): mysqli->query('SELECT 1\nFROM `...', 0)
#1 C:\xampp\htdocs\sim-magang\system\Database\BaseConnection.php(692): CodeIgniter\Database\MySQLi\Connection->execute('SELECT 1\nFROM `...')
#2 C:\xampp\htdocs\sim-magang\system\Database\BaseConnection.php(606): CodeIgniter\Database\BaseConnection->simpleQuery('SELECT 1\nFROM `...')
#3 C:\xampp\htdocs\sim-magang\system\Database\BaseBuilder.php(1616): CodeIgniter\Database\BaseConnection->query('SELECT 1\nFROM `...', Array, false)
#4 C:\xampp\htdocs\sim-magang\system\Validation\StrictRules\Rules.php(206): CodeIgniter\Database\BaseBuilder->get()
#5 C:\xampp\htdocs\sim-magang\system\Validation\Validation.php(309): CodeIgniter\Validation\StrictRules\Rules->is_unique('mangudin067@gma...', 'email', Array, NULL, 'email')
#6 C:\xampp\htdocs\sim-magang\system\Validation\Validation.php(195): CodeIgniter\Validation\Validation->processRules('email', 'E-mail', 'mangudin067@gma...', Array, Array)
#7 C:\xampp\htdocs\sim-magang\system\Controller.php(150): CodeIgniter\Validation\Validation->run()
#8 C:\xampp\htdocs\sim-magang\app\Controllers\Admin.php(34): CodeIgniter\Controller->validate(Array)
#9 C:\xampp\htdocs\sim-magang\system\CodeIgniter.php(915): App\Controllers\Admin->insertadm()
#10 C:\xampp\htdocs\sim-magang\system\CodeIgniter.php(492): CodeIgniter\CodeIgniter->runController(Object(App\Controllers\Admin))
#11 C:\xampp\htdocs\sim-magang\system\CodeIgniter.php(353): CodeIgniter\CodeIgniter->handleRequest(NULL, Object(Config\Cache), false)
#12 C:\xampp\htdocs\sim-magang\public\index.php(79): CodeIgniter\CodeIgniter->run()
#13 {main}
CRITICAL - 2023-09-26 20:33:48 --> Table 'simagang.tbl_user' doesn't exist
in SYSTEMPATH\Database\BaseConnection.php on line 646.
 1 SYSTEMPATH\Database\BaseBuilder.php(1616): CodeIgniter\Database\BaseConnection->query('SELECT 1
FROM `tbl_user`
WHERE `email` = :email:
 LIMIT 1', [...], false)
 2 SYSTEMPATH\Validation\StrictRules\Rules.php(206): CodeIgniter\Database\BaseBuilder->get()
 3 SYSTEMPATH\Validation\Validation.php(309): CodeIgniter\Validation\StrictRules\Rules->is_unique('mangudin067@gmail.com', 'email', [...], null, 'email')
 4 SYSTEMPATH\Validation\Validation.php(195): CodeIgniter\Validation\Validation->processRules('email', 'E-mail', 'mangudin067@gmail.com', [...], [...])
 5 SYSTEMPATH\Controller.php(150): CodeIgniter\Validation\Validation->run()
 6 APPPATH\Controllers\Admin.php(34): CodeIgniter\Controller->validate([...])
 7 SYSTEMPATH\CodeIgniter.php(915): App\Controllers\Admin->insertadm()
 8 SYSTEMPATH\CodeIgniter.php(492): CodeIgniter\CodeIgniter->runController(Object(App\Controllers\Admin))
 9 SYSTEMPATH\CodeIgniter.php(353): CodeIgniter\CodeIgniter->handleRequest(null, Object(Config\Cache), false)
10 FCPATH\index.php(79): CodeIgniter\CodeIgniter->run()
ERROR - 2023-09-26 20:36:00 --> mysqli_sql_exception: Table 'simagang.tbl_user' doesn't exist in C:\xampp\htdocs\sim-magang\system\Database\MySQLi\Connection.php:306
Stack trace:
#0 C:\xampp\htdocs\sim-magang\system\Database\MySQLi\Connection.php(306): mysqli->query('SELECT 1\nFROM `...', 0)
#1 C:\xampp\htdocs\sim-magang\system\Database\BaseConnection.php(692): CodeIgniter\Database\MySQLi\Connection->execute('SELECT 1\nFROM `...')
#2 C:\xampp\htdocs\sim-magang\system\Database\BaseConnection.php(606): CodeIgniter\Database\BaseConnection->simpleQuery('SELECT 1\nFROM `...')
#3 C:\xampp\htdocs\sim-magang\system\Database\BaseBuilder.php(1616): CodeIgniter\Database\BaseConnection->query('SELECT 1\nFROM `...', Array, false)
#4 C:\xampp\htdocs\sim-magang\system\Validation\StrictRules\Rules.php(206): CodeIgniter\Database\BaseBuilder->get()
#5 C:\xampp\htdocs\sim-magang\system\Validation\Validation.php(309): CodeIgniter\Validation\StrictRules\Rules->is_unique('mangudin067@gma...', 'email', Array, NULL, 'email')
#6 C:\xampp\htdocs\sim-magang\system\Validation\Validation.php(195): CodeIgniter\Validation\Validation->processRules('email', 'E-mail', 'mangudin067@gma...', Array, Array)
#7 C:\xampp\htdocs\sim-magang\system\Controller.php(150): CodeIgniter\Validation\Validation->run()
#8 C:\xampp\htdocs\sim-magang\app\Controllers\Admin.php(34): CodeIgniter\Controller->validate(Array)
#9 C:\xampp\htdocs\sim-magang\system\CodeIgniter.php(915): App\Controllers\Admin->insertadm()
#10 C:\xampp\htdocs\sim-magang\system\CodeIgniter.php(492): CodeIgniter\CodeIgniter->runController(Object(App\Controllers\Admin))
#11 C:\xampp\htdocs\sim-magang\system\CodeIgniter.php(353): CodeIgniter\CodeIgniter->handleRequest(NULL, Object(Config\Cache), false)
#12 C:\xampp\htdocs\sim-magang\public\index.php(79): CodeIgniter\CodeIgniter->run()
#13 {main}
CRITICAL - 2023-09-26 20:36:00 --> Table 'simagang.tbl_user' doesn't exist
in SYSTEMPATH\Database\BaseConnection.php on line 646.
 1 SYSTEMPATH\Database\BaseBuilder.php(1616): CodeIgniter\Database\BaseConnection->query('SELECT 1
FROM `tbl_user`
WHERE `email` = :email:
 LIMIT 1', [...], false)
 2 SYSTEMPATH\Validation\StrictRules\Rules.php(206): CodeIgniter\Database\BaseBuilder->get()
 3 SYSTEMPATH\Validation\Validation.php(309): CodeIgniter\Validation\StrictRules\Rules->is_unique('mangudin067@gmail.com', 'email', [...], null, 'email')
 4 SYSTEMPATH\Validation\Validation.php(195): CodeIgniter\Validation\Validation->processRules('email', 'E-mail', 'mangudin067@gmail.com', [...], [...])
 5 SYSTEMPATH\Controller.php(150): CodeIgniter\Validation\Validation->run()
 6 APPPATH\Controllers\Admin.php(34): CodeIgniter\Controller->validate([...])
 7 SYSTEMPATH\CodeIgniter.php(915): App\Controllers\Admin->insertadm()
 8 SYSTEMPATH\CodeIgniter.php(492): CodeIgniter\CodeIgniter->runController(Object(App\Controllers\Admin))
 9 SYSTEMPATH\CodeIgniter.php(353): CodeIgniter\CodeIgniter->handleRequest(null, Object(Config\Cache), false)
10 FCPATH\index.php(79): CodeIgniter\CodeIgniter->run()
ERROR - 2023-09-26 20:36:34 --> mysqli_sql_exception: Table 'simagang.tbl_user' doesn't exist in C:\xampp\htdocs\sim-magang\system\Database\MySQLi\Connection.php:306
Stack trace:
#0 C:\xampp\htdocs\sim-magang\system\Database\MySQLi\Connection.php(306): mysqli->query('SELECT 1\nFROM `...', 0)
#1 C:\xampp\htdocs\sim-magang\system\Database\BaseConnection.php(692): CodeIgniter\Database\MySQLi\Connection->execute('SELECT 1\nFROM `...')
#2 C:\xampp\htdocs\sim-magang\system\Database\BaseConnection.php(606): CodeIgniter\Database\BaseConnection->simpleQuery('SELECT 1\nFROM `...')
#3 C:\xampp\htdocs\sim-magang\system\Database\BaseBuilder.php(1616): CodeIgniter\Database\BaseConnection->query('SELECT 1\nFROM `...', Array, false)
#4 C:\xampp\htdocs\sim-magang\system\Validation\StrictRules\Rules.php(206): CodeIgniter\Database\BaseBuilder->get()
#5 C:\xampp\htdocs\sim-magang\system\Validation\Validation.php(309): CodeIgniter\Validation\StrictRules\Rules->is_unique('mangudin067@gma...', 'email', Array, NULL, 'email')
#6 C:\xampp\htdocs\sim-magang\system\Validation\Validation.php(195): CodeIgniter\Validation\Validation->processRules('email', 'E-mail', 'mangudin067@gma...', Array, Array)
#7 C:\xampp\htdocs\sim-magang\system\Controller.php(150): CodeIgniter\Validation\Validation->run()
#8 C:\xampp\htdocs\sim-magang\app\Controllers\Admin.php(34): CodeIgniter\Controller->validate(Array)
#9 C:\xampp\htdocs\sim-magang\system\CodeIgniter.php(915): App\Controllers\Admin->insertadm()
#10 C:\xampp\htdocs\sim-magang\system\CodeIgniter.php(492): CodeIgniter\CodeIgniter->runController(Object(App\Controllers\Admin))
#11 C:\xampp\htdocs\sim-magang\system\CodeIgniter.php(353): CodeIgniter\CodeIgniter->handleRequest(NULL, Object(Config\Cache), false)
#12 C:\xampp\htdocs\sim-magang\public\index.php(79): CodeIgniter\CodeIgniter->run()
#13 {main}
CRITICAL - 2023-09-26 20:36:34 --> Table 'simagang.tbl_user' doesn't exist
in SYSTEMPATH\Database\BaseConnection.php on line 646.
 1 SYSTEMPATH\Database\BaseBuilder.php(1616): CodeIgniter\Database\BaseConnection->query('SELECT 1
FROM `tbl_user`
WHERE `email` = :email:
 LIMIT 1', [...], false)
 2 SYSTEMPATH\Validation\StrictRules\Rules.php(206): CodeIgniter\Database\BaseBuilder->get()
 3 SYSTEMPATH\Validation\Validation.php(309): CodeIgniter\Validation\StrictRules\Rules->is_unique('mangudin067@gmail.com', 'email', [...], null, 'email')
 4 SYSTEMPATH\Validation\Validation.php(195): CodeIgniter\Validation\Validation->processRules('email', 'E-mail', 'mangudin067@gmail.com', [...], [...])
 5 SYSTEMPATH\Controller.php(150): CodeIgniter\Validation\Validation->run()
 6 APPPATH\Controllers\Admin.php(34): CodeIgniter\Controller->validate([...])
 7 SYSTEMPATH\CodeIgniter.php(915): App\Controllers\Admin->insertadm()
 8 SYSTEMPATH\CodeIgniter.php(492): CodeIgniter\CodeIgniter->runController(Object(App\Controllers\Admin))
 9 SYSTEMPATH\CodeIgniter.php(353): CodeIgniter\CodeIgniter->handleRequest(null, Object(Config\Cache), false)
10 FCPATH\index.php(79): CodeIgniter\CodeIgniter->run()
ERROR - 2023-09-26 20:40:43 --> mysqli_sql_exception: Table 'simagang.tbl_user' doesn't exist in C:\xampp\htdocs\sim-magang\system\Database\MySQLi\Connection.php:306
Stack trace:
#0 C:\xampp\htdocs\sim-magang\system\Database\MySQLi\Connection.php(306): mysqli->query('SELECT 1\nFROM `...', 0)
#1 C:\xampp\htdocs\sim-magang\system\Database\BaseConnection.php(692): CodeIgniter\Database\MySQLi\Connection->execute('SELECT 1\nFROM `...')
#2 C:\xampp\htdocs\sim-magang\system\Database\BaseConnection.php(606): CodeIgniter\Database\BaseConnection->simpleQuery('SELECT 1\nFROM `...')
#3 C:\xampp\htdocs\sim-magang\system\Database\BaseBuilder.php(1616): CodeIgniter\Database\BaseConnection->query('SELECT 1\nFROM `...', Array, false)
#4 C:\xampp\htdocs\sim-magang\system\Validation\StrictRules\Rules.php(206): CodeIgniter\Database\BaseBuilder->get()
#5 C:\xampp\htdocs\sim-magang\system\Validation\Validation.php(309): CodeIgniter\Validation\StrictRules\Rules->is_unique('mangudin067@gma...', 'email', Array, NULL, 'email')
#6 C:\xampp\htdocs\sim-magang\system\Validation\Validation.php(195): CodeIgniter\Validation\Validation->processRules('email', 'E-mail', 'mangudin067@gma...', Array, Array)
#7 C:\xampp\htdocs\sim-magang\system\Controller.php(150): CodeIgniter\Validation\Validation->run()
#8 C:\xampp\htdocs\sim-magang\app\Controllers\Admin.php(34): CodeIgniter\Controller->validate(Array)
#9 C:\xampp\htdocs\sim-magang\system\CodeIgniter.php(915): App\Controllers\Admin->insertadm()
#10 C:\xampp\htdocs\sim-magang\system\CodeIgniter.php(492): CodeIgniter\CodeIgniter->runController(Object(App\Controllers\Admin))
#11 C:\xampp\htdocs\sim-magang\system\CodeIgniter.php(353): CodeIgniter\CodeIgniter->handleRequest(NULL, Object(Config\Cache), false)
#12 C:\xampp\htdocs\sim-magang\public\index.php(79): CodeIgniter\CodeIgniter->run()
#13 {main}
CRITICAL - 2023-09-26 20:40:43 --> Table 'simagang.tbl_user' doesn't exist
in SYSTEMPATH\Database\BaseConnection.php on line 646.
 1 SYSTEMPATH\Database\BaseBuilder.php(1616): CodeIgniter\Database\BaseConnection->query('SELECT 1
FROM `tbl_user`
WHERE `email` = :email:
 LIMIT 1', [...], false)
 2 SYSTEMPATH\Validation\StrictRules\Rules.php(206): CodeIgniter\Database\BaseBuilder->get()
 3 SYSTEMPATH\Validation\Validation.php(309): CodeIgniter\Validation\StrictRules\Rules->is_unique('mangudin067@gmail.com', 'email', [...], null, 'email')
 4 SYSTEMPATH\Validation\Validation.php(195): CodeIgniter\Validation\Validation->processRules('email', 'E-mail', 'mangudin067@gmail.com', [...], [...])
 5 SYSTEMPATH\Controller.php(150): CodeIgniter\Validation\Validation->run()
 6 APPPATH\Controllers\Admin.php(34): CodeIgniter\Controller->validate([...])
 7 SYSTEMPATH\CodeIgniter.php(915): App\Controllers\Admin->insertadm()
 8 SYSTEMPATH\CodeIgniter.php(492): CodeIgniter\CodeIgniter->runController(Object(App\Controllers\Admin))
 9 SYSTEMPATH\CodeIgniter.php(353): CodeIgniter\CodeIgniter->handleRequest(null, Object(Config\Cache), false)
10 FCPATH\index.php(79): CodeIgniter\CodeIgniter->run()
INFO - 2023-09-26 20:41:46 --> Session: Class initialized using 'CodeIgniter\Session\Handlers\FileHandler' driver.
INFO - 2023-09-26 20:41:46 --> Session: Class initialized using 'CodeIgniter\Session\Handlers\FileHandler' driver.
INFO - 2023-09-26 20:46:12 --> Session: Class initialized using 'CodeIgniter\Session\Handlers\FileHandler' driver.
INFO - 2023-09-26 20:46:19 --> Session: Class initialized using 'CodeIgniter\Session\Handlers\FileHandler' driver.
INFO - 2023-09-26 20:46:35 --> Session: Class initialized using 'CodeIgniter\Session\Handlers\FileHandler' driver.
INFO - 2023-09-26 20:46:35 --> Session: Class initialized using 'CodeIgniter\Session\Handlers\FileHandler' driver.
INFO - 2023-09-26 20:48:37 --> Session: Class initialized using 'CodeIgniter\Session\Handlers\FileHandler' driver.
INFO - 2023-09-26 20:48:54 --> Session: Class initialized using 'CodeIgniter\Session\Handlers\FileHandler' driver.
INFO - 2023-09-26 20:49:15 --> Session: Class initialized using 'CodeIgniter\Session\Handlers\FileHandler' driver.
INFO - 2023-09-26 20:49:51 --> Session: Class initialized using 'CodeIgniter\Session\Handlers\FileHandler' driver.
INFO - 2023-09-26 20:50:03 --> Session: Class initialized using 'CodeIgniter\Session\Handlers\FileHandler' driver.
INFO - 2023-09-26 20:50:23 --> Session: Class initialized using 'CodeIgniter\Session\Handlers\FileHandler' driver.
INFO - 2023-09-26 20:50:27 --> Session: Class initialized using 'CodeIgniter\Session\Handlers\FileHandler' driver.
CRITICAL - 2023-09-26 20:52:34 --> Cannot redeclare App\Controllers\Admin::add()
in APPPATH\Controllers\Admin.php on line 88.
 1 [internal function]: CodeIgniter\Debug\Exceptions->shutdownHandler()
CRITICAL - 2023-09-26 20:52:45 --> Cannot redeclare App\Controllers\Admin::add()
in APPPATH\Controllers\Admin.php on line 88.
 1 [internal function]: CodeIgniter\Debug\Exceptions->shutdownHandler()
CRITICAL - 2023-09-26 20:52:45 --> Cannot redeclare App\Controllers\Admin::add()
in APPPATH\Controllers\Admin.php on line 88.
 1 [internal function]: CodeIgniter\Debug\Exceptions->shutdownHandler()
CRITICAL - 2023-09-26 20:52:46 --> Cannot redeclare App\Controllers\Admin::add()
in APPPATH\Controllers\Admin.php on line 88.
 1 [internal function]: CodeIgniter\Debug\Exceptions->shutdownHandler()
INFO - 2023-09-26 20:53:02 --> Session: Class initialized using 'CodeIgniter\Session\Handlers\FileHandler' driver.
INFO - 2023-09-26 20:53:09 --> Session: Class initialized using 'CodeIgniter\Session\Handlers\FileHandler' driver.
INFO - 2023-09-26 20:53:39 --> Session: Class initialized using 'CodeIgniter\Session\Handlers\FileHandler' driver.
INFO - 2023-09-26 20:53:47 --> Session: Class initialized using 'CodeIgniter\Session\Handlers\FileHandler' driver.
INFO - 2023-09-26 21:10:06 --> Session: Class initialized using 'CodeIgniter\Session\Handlers\FileHandler' driver.
INFO - 2023-09-26 21:15:52 --> Session: Class initialized using 'CodeIgniter\Session\Handlers\FileHandler' driver.
INFO - 2023-09-26 21:16:30 --> Session: Class initialized using 'CodeIgniter\Session\Handlers\FileHandler' driver.
INFO - 2023-09-26 21:16:30 --> Session: Class initialized using 'CodeIgniter\Session\Handlers\FileHandler' driver.
INFO - 2023-09-26 21:17:24 --> Session: Class initialized using 'CodeIgniter\Session\Handlers\FileHandler' driver.
INFO - 2023-09-26 21:17:24 --> Session: Class initialized using 'CodeIgniter\Session\Handlers\FileHandler' driver.
INFO - 2023-09-26 21:17:45 --> Session: Class initialized using 'CodeIgniter\Session\Handlers\FileHandler' driver.
INFO - 2023-09-26 21:17:45 --> Session: Class initialized using 'CodeIgniter\Session\Handlers\FileHandler' driver.
INFO - 2023-09-26 21:17:47 --> Session: Class initialized using 'CodeIgniter\Session\Handlers\FileHandler' driver.
INFO - 2023-09-26 21:18:26 --> Session: Class initialized using 'CodeIgniter\Session\Handlers\FileHandler' driver.
INFO - 2023-09-26 21:18:44 --> Session: Class initialized using 'CodeIgniter\Session\Handlers\FileHandler' driver.
INFO - 2023-09-26 21:18:45 --> Session: Class initialized using 'CodeIgniter\Session\Handlers\FileHandler' driver.
