CRITICAL - 2023-10-02 10:45:37 --> The framework needs the following extension(s) installed and loaded: intl.
in SYSTEMPATH\CodeIgniter.php on line 246.
 1 SYSTEMPATH\CodeIgniter.php(246): CodeIgniter\Exceptions\FrameworkException::forMissingExtension('intl')
 2 SYSTEMPATH\CodeIgniter.php(210): CodeIgniter\CodeIgniter->resolvePlatformExtensions()
 3 FCPATH\index.php(67): CodeIgniter\CodeIgniter->initialize()
CRITICAL - 2023-10-02 10:45:37 --> Uncaught Error: Class "Locale" not found in C:\xampp\htdocs\sim-magang\system\Helpers\number_helper.php:136
Stack trace:
#0 C:\xampp\htdocs\sim-magang\system\Helpers\number_helper.php(55): format_number(6.0, 2, NULL, Array)
#1 C:\xampp\htdocs\sim-magang\system\Debug\BaseExceptionHandler.php(145): number_to_size(6.0, 2)
#2 C:\xampp\htdocs\sim-magang\app\Views\errors\html\error_exception.php(360): CodeIgniter\Debug\BaseExceptionHandler::describeMemory(6291456)
#3 C:\xampp\htdocs\sim-magang\system\Debug\BaseExceptionHandler.php(241): include('C:\\xampp\\htdocs...')
#4 C:\xampp\htdocs\sim-magang\system\Debug\BaseExceptionHandler.php(244): CodeIgniter\Debug\BaseExceptionHandler->CodeIgniter\Debug\{closure}()
#5 C:\xampp\htdocs\sim-magang\system\Debug\ExceptionHandler.php(109): CodeIgniter\Debug\BaseExceptionHandler->render(Object(CodeIgniter\Exceptions\FrameworkException), 500, 'C:\\xampp\\htdocs...')
#6 C:\xampp\htdocs\sim-magang\system\Debug\Exceptions.php(146): CodeIgniter\Debug\ExceptionHandler->handle(Object(CodeIgniter\Exceptions\FrameworkException), Object(CodeIgniter\HTTP\IncomingRequest), Object(CodeIgniter\HTTP\Response), 500, 1)
#7 [internal function]: CodeIgniter\Debug\Exceptions->exceptionHandler(Object(CodeIgniter\Exceptions\FrameworkException))
#8 {main}
  thrown
【Previous Exception】
CodeIgniter\Exceptions\FrameworkException
The framework needs the following extension(s) installed and loaded: intl.
#0 C:\xampp\htdocs\sim-magang\system\CodeIgniter.php(246): CodeIgniter\Exceptions\FrameworkException::forMissingExtension('intl')
#1 C:\xampp\htdocs\sim-magang\system\CodeIgniter.php(210): CodeIgniter\CodeIgniter->resolvePlatformExtensions()
#2 C:\xampp\htdocs\sim-magang\public\index.php(67): CodeIgniter\CodeIgniter->initialize()
#3 {main}
in SYSTEMPATH\Helpers\number_helper.php on line 136.
 1 [internal function]: CodeIgniter\Debug\Exceptions->shutdownHandler()
CRITICAL - 2023-10-02 10:48:40 --> The framework needs the following extension(s) installed and loaded: intl.
in SYSTEMPATH\CodeIgniter.php on line 246.
 1 SYSTEMPATH\CodeIgniter.php(246): CodeIgniter\Exceptions\FrameworkException::forMissingExtension('intl')
 2 SYSTEMPATH\CodeIgniter.php(210): CodeIgniter\CodeIgniter->resolvePlatformExtensions()
 3 FCPATH\index.php(67): CodeIgniter\CodeIgniter->initialize()
CRITICAL - 2023-10-02 10:48:40 --> Uncaught Error: Class "Locale" not found in C:\xampp\htdocs\sim-magang\system\Helpers\number_helper.php:136
Stack trace:
#0 C:\xampp\htdocs\sim-magang\system\Helpers\number_helper.php(55): format_number(14.0, 2, NULL, Array)
#1 C:\xampp\htdocs\sim-magang\system\Debug\BaseExceptionHandler.php(145): number_to_size(14.0, 2)
#2 C:\xampp\htdocs\sim-magang\app\Views\errors\html\error_exception.php(360): CodeIgniter\Debug\BaseExceptionHandler::describeMemory(14680064)
#3 C:\xampp\htdocs\sim-magang\system\Debug\BaseExceptionHandler.php(241): include('C:\\xampp\\htdocs...')
#4 C:\xampp\htdocs\sim-magang\system\Debug\BaseExceptionHandler.php(244): CodeIgniter\Debug\BaseExceptionHandler->CodeIgniter\Debug\{closure}()
#5 C:\xampp\htdocs\sim-magang\system\Debug\ExceptionHandler.php(109): CodeIgniter\Debug\BaseExceptionHandler->render(Object(CodeIgniter\Exceptions\FrameworkException), 500, 'C:\\xampp\\htdocs...')
#6 C:\xampp\htdocs\sim-magang\system\Debug\Exceptions.php(146): CodeIgniter\Debug\ExceptionHandler->handle(Object(CodeIgniter\Exceptions\FrameworkException), Object(CodeIgniter\HTTP\IncomingRequest), Object(CodeIgniter\HTTP\Response), 500, 1)
#7 [internal function]: CodeIgniter\Debug\Exceptions->exceptionHandler(Object(CodeIgniter\Exceptions\FrameworkException))
#8 {main}
  thrown
【Previous Exception】
CodeIgniter\Exceptions\FrameworkException
The framework needs the following extension(s) installed and loaded: intl.
#0 C:\xampp\htdocs\sim-magang\system\CodeIgniter.php(246): CodeIgniter\Exceptions\FrameworkException::forMissingExtension('intl')
#1 C:\xampp\htdocs\sim-magang\system\CodeIgniter.php(210): CodeIgniter\CodeIgniter->resolvePlatformExtensions()
#2 C:\xampp\htdocs\sim-magang\public\index.php(67): CodeIgniter\CodeIgniter->initialize()
#3 {main}
in SYSTEMPATH\Helpers\number_helper.php on line 136.
 1 [internal function]: CodeIgniter\Debug\Exceptions->shutdownHandler()
CRITICAL - 2023-10-02 10:48:41 --> The framework needs the following extension(s) installed and loaded: intl.
in SYSTEMPATH\CodeIgniter.php on line 246.
 1 SYSTEMPATH\CodeIgniter.php(246): CodeIgniter\Exceptions\FrameworkException::forMissingExtension('intl')
 2 SYSTEMPATH\CodeIgniter.php(210): CodeIgniter\CodeIgniter->resolvePlatformExtensions()
 3 FCPATH\index.php(67): CodeIgniter\CodeIgniter->initialize()
CRITICAL - 2023-10-02 10:48:41 --> Uncaught Error: Class "Locale" not found in C:\xampp\htdocs\sim-magang\system\Helpers\number_helper.php:136
Stack trace:
#0 C:\xampp\htdocs\sim-magang\system\Helpers\number_helper.php(55): format_number(16.0, 2, NULL, Array)
#1 C:\xampp\htdocs\sim-magang\system\Debug\BaseExceptionHandler.php(145): number_to_size(16.0, 2)
#2 C:\xampp\htdocs\sim-magang\app\Views\errors\html\error_exception.php(360): CodeIgniter\Debug\BaseExceptionHandler::describeMemory(16777216)
#3 C:\xampp\htdocs\sim-magang\system\Debug\BaseExceptionHandler.php(241): include('C:\\xampp\\htdocs...')
#4 C:\xampp\htdocs\sim-magang\system\Debug\BaseExceptionHandler.php(244): CodeIgniter\Debug\BaseExceptionHandler->CodeIgniter\Debug\{closure}()
#5 C:\xampp\htdocs\sim-magang\system\Debug\ExceptionHandler.php(109): CodeIgniter\Debug\BaseExceptionHandler->render(Object(CodeIgniter\Exceptions\FrameworkException), 500, 'C:\\xampp\\htdocs...')
#6 C:\xampp\htdocs\sim-magang\system\Debug\Exceptions.php(146): CodeIgniter\Debug\ExceptionHandler->handle(Object(CodeIgniter\Exceptions\FrameworkException), Object(CodeIgniter\HTTP\IncomingRequest), Object(CodeIgniter\HTTP\Response), 500, 1)
#7 [internal function]: CodeIgniter\Debug\Exceptions->exceptionHandler(Object(CodeIgniter\Exceptions\FrameworkException))
#8 {main}
  thrown
【Previous Exception】
CodeIgniter\Exceptions\FrameworkException
The framework needs the following extension(s) installed and loaded: intl.
#0 C:\xampp\htdocs\sim-magang\system\CodeIgniter.php(246): CodeIgniter\Exceptions\FrameworkException::forMissingExtension('intl')
#1 C:\xampp\htdocs\sim-magang\system\CodeIgniter.php(210): CodeIgniter\CodeIgniter->resolvePlatformExtensions()
#2 C:\xampp\htdocs\sim-magang\public\index.php(67): CodeIgniter\CodeIgniter->initialize()
#3 {main}
in SYSTEMPATH\Helpers\number_helper.php on line 136.
 1 [internal function]: CodeIgniter\Debug\Exceptions->shutdownHandler()
CRITICAL - 2023-10-02 10:48:41 --> The framework needs the following extension(s) installed and loaded: intl.
in SYSTEMPATH\CodeIgniter.php on line 246.
 1 SYSTEMPATH\CodeIgniter.php(246): CodeIgniter\Exceptions\FrameworkException::forMissingExtension('intl')
 2 SYSTEMPATH\CodeIgniter.php(210): CodeIgniter\CodeIgniter->resolvePlatformExtensions()
 3 FCPATH\index.php(67): CodeIgniter\CodeIgniter->initialize()
CRITICAL - 2023-10-02 10:48:41 --> Uncaught Error: Class "Locale" not found in C:\xampp\htdocs\sim-magang\system\Helpers\number_helper.php:136
Stack trace:
#0 C:\xampp\htdocs\sim-magang\system\Helpers\number_helper.php(55): format_number(8.0, 2, NULL, Array)
#1 C:\xampp\htdocs\sim-magang\system\Debug\BaseExceptionHandler.php(145): number_to_size(8.0, 2)
#2 C:\xampp\htdocs\sim-magang\app\Views\errors\html\error_exception.php(360): CodeIgniter\Debug\BaseExceptionHandler::describeMemory(8388608)
#3 C:\xampp\htdocs\sim-magang\system\Debug\BaseExceptionHandler.php(241): include('C:\\xampp\\htdocs...')
#4 C:\xampp\htdocs\sim-magang\system\Debug\BaseExceptionHandler.php(244): CodeIgniter\Debug\BaseExceptionHandler->CodeIgniter\Debug\{closure}()
#5 C:\xampp\htdocs\sim-magang\system\Debug\ExceptionHandler.php(109): CodeIgniter\Debug\BaseExceptionHandler->render(Object(CodeIgniter\Exceptions\FrameworkException), 500, 'C:\\xampp\\htdocs...')
#6 C:\xampp\htdocs\sim-magang\system\Debug\Exceptions.php(146): CodeIgniter\Debug\ExceptionHandler->handle(Object(CodeIgniter\Exceptions\FrameworkException), Object(CodeIgniter\HTTP\IncomingRequest), Object(CodeIgniter\HTTP\Response), 500, 1)
#7 [internal function]: CodeIgniter\Debug\Exceptions->exceptionHandler(Object(CodeIgniter\Exceptions\FrameworkException))
#8 {main}
  thrown
【Previous Exception】
CodeIgniter\Exceptions\FrameworkException
The framework needs the following extension(s) installed and loaded: intl.
#0 C:\xampp\htdocs\sim-magang\system\CodeIgniter.php(246): CodeIgniter\Exceptions\FrameworkException::forMissingExtension('intl')
#1 C:\xampp\htdocs\sim-magang\system\CodeIgniter.php(210): CodeIgniter\CodeIgniter->resolvePlatformExtensions()
#2 C:\xampp\htdocs\sim-magang\public\index.php(67): CodeIgniter\CodeIgniter->initialize()
#3 {main}
in SYSTEMPATH\Helpers\number_helper.php on line 136.
 1 [internal function]: CodeIgniter\Debug\Exceptions->shutdownHandler()
WARNING - 2023-10-02 08:51:45 --> [DEPRECATED] Creation of dynamic property App\Controllers\Admin::$M_admin is deprecated in APPPATH\Controllers\Admin.php on line 11.
 1 SYSTEMPATH\CodeIgniter.php(887): App\Controllers\Admin->__construct()
 2 SYSTEMPATH\CodeIgniter.php(483): CodeIgniter\CodeIgniter->createController()
 3 SYSTEMPATH\CodeIgniter.php(353): CodeIgniter\CodeIgniter->handleRequest(null, Object(Config\Cache), false)
 4 FCPATH\index.php(79): CodeIgniter\CodeIgniter->run()
INFO - 2023-10-02 08:51:45 --> Session: Class initialized using 'CodeIgniter\Session\Handlers\FileHandler' driver.
WARNING - 2023-10-02 08:52:18 --> [DEPRECATED] Creation of dynamic property App\Controllers\Admin::$M_admin is deprecated in APPPATH\Controllers\Admin.php on line 11.
 1 SYSTEMPATH\CodeIgniter.php(887): App\Controllers\Admin->__construct()
 2 SYSTEMPATH\CodeIgniter.php(483): CodeIgniter\CodeIgniter->createController()
 3 SYSTEMPATH\CodeIgniter.php(353): CodeIgniter\CodeIgniter->handleRequest(null, Object(Config\Cache), false)
 4 FCPATH\index.php(79): CodeIgniter\CodeIgniter->run()
CRITICAL - 2023-10-02 08:52:18 --> ini_set(): Session ini settings cannot be changed after headers have already been sent
in SYSTEMPATH\Session\Handlers\FileHandler.php on line 72.
 1 [internal function]: CodeIgniter\Debug\Exceptions->errorHandler(2, 'ini_set(): Session ini settings cannot be changed after headers have already been sent', 'C:\\xampp\\htdocs\\sim-magang\\system\\Session\\Handlers\\FileHandler.php', 72)
 2 SYSTEMPATH\Session\Handlers\FileHandler.php(72): ini_set('session.save_path', 'C:\\xampp\\htdocs\\sim-magang\\writable\\session')
 3 SYSTEMPATH\Config\Services.php(685): CodeIgniter\Session\Handlers\FileHandler->__construct(Object(Config\Session), '::1')
 4 SYSTEMPATH\Config\BaseService.php(258): CodeIgniter\Config\Services::session(Object(Config\Session), false)
 5 SYSTEMPATH\Config\BaseService.php(199): CodeIgniter\Config\BaseService::__callStatic('session', [...])
 6 SYSTEMPATH\Config\Services.php(663): CodeIgniter\Config\BaseService::getSharedInstance('session', null)
 7 SYSTEMPATH\Config\BaseService.php(258): CodeIgniter\Config\Services::session()
 8 SYSTEMPATH\Common.php(986): CodeIgniter\Config\BaseService::__callStatic('session', [])
 9 APPPATH\Controllers\Admin.php(83): session()
10 SYSTEMPATH\CodeIgniter.php(915): App\Controllers\Admin->insertadm()
11 SYSTEMPATH\CodeIgniter.php(492): CodeIgniter\CodeIgniter->runController(Object(App\Controllers\Admin))
12 SYSTEMPATH\CodeIgniter.php(353): CodeIgniter\CodeIgniter->handleRequest(null, Object(Config\Cache), false)
13 FCPATH\index.php(79): CodeIgniter\CodeIgniter->run()
WARNING - 2023-10-02 08:52:28 --> [DEPRECATED] Creation of dynamic property App\Controllers\Admin::$M_admin is deprecated in APPPATH\Controllers\Admin.php on line 11.
 1 SYSTEMPATH\CodeIgniter.php(887): App\Controllers\Admin->__construct()
 2 SYSTEMPATH\CodeIgniter.php(483): CodeIgniter\CodeIgniter->createController()
 3 SYSTEMPATH\CodeIgniter.php(353): CodeIgniter\CodeIgniter->handleRequest(null, Object(Config\Cache), false)
 4 FCPATH\index.php(79): CodeIgniter\CodeIgniter->run()
INFO - 2023-10-02 08:52:28 --> Session: Class initialized using 'CodeIgniter\Session\Handlers\FileHandler' driver.
WARNING - 2023-10-02 08:52:37 --> [DEPRECATED] Creation of dynamic property App\Controllers\Admin::$M_admin is deprecated in APPPATH\Controllers\Admin.php on line 11.
 1 SYSTEMPATH\CodeIgniter.php(887): App\Controllers\Admin->__construct()
 2 SYSTEMPATH\CodeIgniter.php(483): CodeIgniter\CodeIgniter->createController()
 3 SYSTEMPATH\CodeIgniter.php(353): CodeIgniter\CodeIgniter->handleRequest(null, Object(Config\Cache), false)
 4 FCPATH\index.php(79): CodeIgniter\CodeIgniter->run()
INFO - 2023-10-02 08:52:37 --> Session: Class initialized using 'CodeIgniter\Session\Handlers\FileHandler' driver.
WARNING - 2023-10-02 08:52:37 --> [DEPRECATED] Creation of dynamic property App\Controllers\Admin::$M_admin is deprecated in APPPATH\Controllers\Admin.php on line 11.
 1 SYSTEMPATH\CodeIgniter.php(887): App\Controllers\Admin->__construct()
 2 SYSTEMPATH\CodeIgniter.php(483): CodeIgniter\CodeIgniter->createController()
 3 SYSTEMPATH\CodeIgniter.php(353): CodeIgniter\CodeIgniter->handleRequest(null, Object(Config\Cache), false)
 4 FCPATH\index.php(79): CodeIgniter\CodeIgniter->run()
INFO - 2023-10-02 08:52:37 --> Session: Class initialized using 'CodeIgniter\Session\Handlers\FileHandler' driver.
WARNING - 2023-10-02 08:54:54 --> [DEPRECATED] Creation of dynamic property App\Controllers\Admin::$M_admin is deprecated in APPPATH\Controllers\Admin.php on line 11.
 1 SYSTEMPATH\CodeIgniter.php(887): App\Controllers\Admin->__construct()
 2 SYSTEMPATH\CodeIgniter.php(483): CodeIgniter\CodeIgniter->createController()
 3 SYSTEMPATH\CodeIgniter.php(353): CodeIgniter\CodeIgniter->handleRequest(null, Object(Config\Cache), false)
 4 FCPATH\index.php(79): CodeIgniter\CodeIgniter->run()
ERROR - 2023-10-02 08:54:54 --> mysqli_sql_exception: Table 'simagang.magang' doesn't exist in C:\xampp\htdocs\sim-magang\system\Database\MySQLi\Connection.php:306
Stack trace:
#0 C:\xampp\htdocs\sim-magang\system\Database\MySQLi\Connection.php(306): mysqli->query('SELECT *\nFROM `...', 0)
#1 C:\xampp\htdocs\sim-magang\system\Database\BaseConnection.php(692): CodeIgniter\Database\MySQLi\Connection->execute('SELECT *\nFROM `...')
#2 C:\xampp\htdocs\sim-magang\system\Database\BaseConnection.php(606): CodeIgniter\Database\BaseConnection->simpleQuery('SELECT *\nFROM `...')
#3 C:\xampp\htdocs\sim-magang\system\Database\BaseBuilder.php(1616): CodeIgniter\Database\BaseConnection->query('SELECT *\nFROM `...', Array, false)
#4 C:\xampp\htdocs\sim-magang\app\Models\M_admin.php(30): CodeIgniter\Database\BaseBuilder->get()
#5 C:\xampp\htdocs\sim-magang\app\Controllers\Admin.php(93): App\Models\M_admin->all_data_siswa()
#6 C:\xampp\htdocs\sim-magang\system\CodeIgniter.php(915): App\Controllers\Admin->listsiswa()
#7 C:\xampp\htdocs\sim-magang\system\CodeIgniter.php(492): CodeIgniter\CodeIgniter->runController(Object(App\Controllers\Admin))
#8 C:\xampp\htdocs\sim-magang\system\CodeIgniter.php(353): CodeIgniter\CodeIgniter->handleRequest(NULL, Object(Config\Cache), false)
#9 C:\xampp\htdocs\sim-magang\public\index.php(79): CodeIgniter\CodeIgniter->run()
#10 {main}
CRITICAL - 2023-10-02 08:54:54 --> Table 'simagang.magang' doesn't exist
in SYSTEMPATH\Database\BaseConnection.php on line 646.
 1 SYSTEMPATH\Database\BaseBuilder.php(1616): CodeIgniter\Database\BaseConnection->query('SELECT *
FROM `siswa`
LEFT JOIN `magang` ON `magang`.`id_magang` = `siswa`.`id_magang`
ORDER BY `id_siswa` DESC', [], false)
 2 APPPATH\Models\M_admin.php(30): CodeIgniter\Database\BaseBuilder->get()
 3 APPPATH\Controllers\Admin.php(93): App\Models\M_admin->all_data_siswa()
 4 SYSTEMPATH\CodeIgniter.php(915): App\Controllers\Admin->listsiswa()
 5 SYSTEMPATH\CodeIgniter.php(492): CodeIgniter\CodeIgniter->runController(Object(App\Controllers\Admin))
 6 SYSTEMPATH\CodeIgniter.php(353): CodeIgniter\CodeIgniter->handleRequest(null, Object(Config\Cache), false)
 7 FCPATH\index.php(79): CodeIgniter\CodeIgniter->run()
WARNING - 2023-10-02 08:54:58 --> [DEPRECATED] Creation of dynamic property App\Controllers\Admin::$M_admin is deprecated in APPPATH\Controllers\Admin.php on line 11.
 1 SYSTEMPATH\CodeIgniter.php(887): App\Controllers\Admin->__construct()
 2 SYSTEMPATH\CodeIgniter.php(483): CodeIgniter\CodeIgniter->createController()
 3 SYSTEMPATH\CodeIgniter.php(353): CodeIgniter\CodeIgniter->handleRequest(null, Object(Config\Cache), false)
 4 FCPATH\index.php(79): CodeIgniter\CodeIgniter->run()
INFO - 2023-10-02 08:54:58 --> Session: Class initialized using 'CodeIgniter\Session\Handlers\FileHandler' driver.
WARNING - 2023-10-02 08:55:03 --> [DEPRECATED] Creation of dynamic property App\Controllers\Admin::$M_admin is deprecated in APPPATH\Controllers\Admin.php on line 11.
 1 SYSTEMPATH\CodeIgniter.php(887): App\Controllers\Admin->__construct()
 2 SYSTEMPATH\CodeIgniter.php(483): CodeIgniter\CodeIgniter->createController()
 3 SYSTEMPATH\CodeIgniter.php(353): CodeIgniter\CodeIgniter->handleRequest(null, Object(Config\Cache), false)
 4 FCPATH\index.php(79): CodeIgniter\CodeIgniter->run()
ERROR - 2023-10-02 08:55:03 --> mysqli_sql_exception: Table 'simagang.magang' doesn't exist in C:\xampp\htdocs\sim-magang\system\Database\MySQLi\Connection.php:306
Stack trace:
#0 C:\xampp\htdocs\sim-magang\system\Database\MySQLi\Connection.php(306): mysqli->query('SELECT *\nFROM `...', 0)
#1 C:\xampp\htdocs\sim-magang\system\Database\BaseConnection.php(692): CodeIgniter\Database\MySQLi\Connection->execute('SELECT *\nFROM `...')
#2 C:\xampp\htdocs\sim-magang\system\Database\BaseConnection.php(606): CodeIgniter\Database\BaseConnection->simpleQuery('SELECT *\nFROM `...')
#3 C:\xampp\htdocs\sim-magang\system\Database\BaseBuilder.php(1616): CodeIgniter\Database\BaseConnection->query('SELECT *\nFROM `...', Array, false)
#4 C:\xampp\htdocs\sim-magang\app\Models\M_admin.php(30): CodeIgniter\Database\BaseBuilder->get()
#5 C:\xampp\htdocs\sim-magang\app\Controllers\Admin.php(93): App\Models\M_admin->all_data_siswa()
#6 C:\xampp\htdocs\sim-magang\system\CodeIgniter.php(915): App\Controllers\Admin->listsiswa()
#7 C:\xampp\htdocs\sim-magang\system\CodeIgniter.php(492): CodeIgniter\CodeIgniter->runController(Object(App\Controllers\Admin))
#8 C:\xampp\htdocs\sim-magang\system\CodeIgniter.php(353): CodeIgniter\CodeIgniter->handleRequest(NULL, Object(Config\Cache), false)
#9 C:\xampp\htdocs\sim-magang\public\index.php(79): CodeIgniter\CodeIgniter->run()
#10 {main}
CRITICAL - 2023-10-02 08:55:03 --> Table 'simagang.magang' doesn't exist
in SYSTEMPATH\Database\BaseConnection.php on line 646.
 1 SYSTEMPATH\Database\BaseBuilder.php(1616): CodeIgniter\Database\BaseConnection->query('SELECT *
FROM `siswa`
LEFT JOIN `magang` ON `magang`.`id_magang` = `siswa`.`id_magang`
ORDER BY `id_siswa` DESC', [], false)
 2 APPPATH\Models\M_admin.php(30): CodeIgniter\Database\BaseBuilder->get()
 3 APPPATH\Controllers\Admin.php(93): App\Models\M_admin->all_data_siswa()
 4 SYSTEMPATH\CodeIgniter.php(915): App\Controllers\Admin->listsiswa()
 5 SYSTEMPATH\CodeIgniter.php(492): CodeIgniter\CodeIgniter->runController(Object(App\Controllers\Admin))
 6 SYSTEMPATH\CodeIgniter.php(353): CodeIgniter\CodeIgniter->handleRequest(null, Object(Config\Cache), false)
 7 FCPATH\index.php(79): CodeIgniter\CodeIgniter->run()
WARNING - 2023-10-02 08:56:41 --> [DEPRECATED] Creation of dynamic property App\Controllers\Admin::$M_admin is deprecated in APPPATH\Controllers\Admin.php on line 11.
 1 SYSTEMPATH\CodeIgniter.php(887): App\Controllers\Admin->__construct()
 2 SYSTEMPATH\CodeIgniter.php(483): CodeIgniter\CodeIgniter->createController()
 3 SYSTEMPATH\CodeIgniter.php(353): CodeIgniter\CodeIgniter->handleRequest(null, Object(Config\Cache), false)
 4 FCPATH\index.php(79): CodeIgniter\CodeIgniter->run()
INFO - 2023-10-02 08:56:41 --> Session: Class initialized using 'CodeIgniter\Session\Handlers\FileHandler' driver.
WARNING - 2023-10-02 08:56:44 --> [DEPRECATED] Creation of dynamic property App\Controllers\Admin::$M_admin is deprecated in APPPATH\Controllers\Admin.php on line 11.
 1 SYSTEMPATH\CodeIgniter.php(887): App\Controllers\Admin->__construct()
 2 SYSTEMPATH\CodeIgniter.php(483): CodeIgniter\CodeIgniter->createController()
 3 SYSTEMPATH\CodeIgniter.php(353): CodeIgniter\CodeIgniter->handleRequest(null, Object(Config\Cache), false)
 4 FCPATH\index.php(79): CodeIgniter\CodeIgniter->run()
ERROR - 2023-10-02 08:56:44 --> mysqli_sql_exception: Unknown column 'siswa.id_magang' in 'on clause' in C:\xampp\htdocs\sim-magang\system\Database\MySQLi\Connection.php:306
Stack trace:
#0 C:\xampp\htdocs\sim-magang\system\Database\MySQLi\Connection.php(306): mysqli->query('SELECT *\nFROM `...', 0)
#1 C:\xampp\htdocs\sim-magang\system\Database\BaseConnection.php(692): CodeIgniter\Database\MySQLi\Connection->execute('SELECT *\nFROM `...')
#2 C:\xampp\htdocs\sim-magang\system\Database\BaseConnection.php(606): CodeIgniter\Database\BaseConnection->simpleQuery('SELECT *\nFROM `...')
#3 C:\xampp\htdocs\sim-magang\system\Database\BaseBuilder.php(1616): CodeIgniter\Database\BaseConnection->query('SELECT *\nFROM `...', Array, false)
#4 C:\xampp\htdocs\sim-magang\app\Models\M_admin.php(30): CodeIgniter\Database\BaseBuilder->get()
#5 C:\xampp\htdocs\sim-magang\app\Controllers\Admin.php(93): App\Models\M_admin->all_data_siswa()
#6 C:\xampp\htdocs\sim-magang\system\CodeIgniter.php(915): App\Controllers\Admin->listsiswa()
#7 C:\xampp\htdocs\sim-magang\system\CodeIgniter.php(492): CodeIgniter\CodeIgniter->runController(Object(App\Controllers\Admin))
#8 C:\xampp\htdocs\sim-magang\system\CodeIgniter.php(353): CodeIgniter\CodeIgniter->handleRequest(NULL, Object(Config\Cache), false)
#9 C:\xampp\htdocs\sim-magang\public\index.php(79): CodeIgniter\CodeIgniter->run()
#10 {main}
CRITICAL - 2023-10-02 08:56:44 --> Unknown column 'siswa.id_magang' in 'on clause'
in SYSTEMPATH\Database\BaseConnection.php on line 646.
 1 SYSTEMPATH\Database\BaseBuilder.php(1616): CodeIgniter\Database\BaseConnection->query('SELECT *
FROM `siswa`
LEFT JOIN `magang` ON `magang`.`id_magang` = `siswa`.`id_magang`
ORDER BY `id_siswa` DESC', [], false)
 2 APPPATH\Models\M_admin.php(30): CodeIgniter\Database\BaseBuilder->get()
 3 APPPATH\Controllers\Admin.php(93): App\Models\M_admin->all_data_siswa()
 4 SYSTEMPATH\CodeIgniter.php(915): App\Controllers\Admin->listsiswa()
 5 SYSTEMPATH\CodeIgniter.php(492): CodeIgniter\CodeIgniter->runController(Object(App\Controllers\Admin))
 6 SYSTEMPATH\CodeIgniter.php(353): CodeIgniter\CodeIgniter->handleRequest(null, Object(Config\Cache), false)
 7 FCPATH\index.php(79): CodeIgniter\CodeIgniter->run()
WARNING - 2023-10-02 08:56:49 --> [DEPRECATED] Creation of dynamic property App\Controllers\Admin::$M_admin is deprecated in APPPATH\Controllers\Admin.php on line 11.
 1 SYSTEMPATH\CodeIgniter.php(887): App\Controllers\Admin->__construct()
 2 SYSTEMPATH\CodeIgniter.php(483): CodeIgniter\CodeIgniter->createController()
 3 SYSTEMPATH\CodeIgniter.php(353): CodeIgniter\CodeIgniter->handleRequest(null, Object(Config\Cache), false)
 4 FCPATH\index.php(79): CodeIgniter\CodeIgniter->run()
INFO - 2023-10-02 08:56:49 --> Session: Class initialized using 'CodeIgniter\Session\Handlers\FileHandler' driver.
WARNING - 2023-10-02 08:56:51 --> [DEPRECATED] Creation of dynamic property App\Controllers\Admin::$M_admin is deprecated in APPPATH\Controllers\Admin.php on line 11.
 1 SYSTEMPATH\CodeIgniter.php(887): App\Controllers\Admin->__construct()
 2 SYSTEMPATH\CodeIgniter.php(483): CodeIgniter\CodeIgniter->createController()
 3 SYSTEMPATH\CodeIgniter.php(353): CodeIgniter\CodeIgniter->handleRequest(null, Object(Config\Cache), false)
 4 FCPATH\index.php(79): CodeIgniter\CodeIgniter->run()
WARNING - 2023-10-02 08:56:52 --> [DEPRECATED] Creation of dynamic property App\Controllers\Admin::$M_admin is deprecated in APPPATH\Controllers\Admin.php on line 11.
 1 SYSTEMPATH\CodeIgniter.php(887): App\Controllers\Admin->__construct()
 2 SYSTEMPATH\CodeIgniter.php(483): CodeIgniter\CodeIgniter->createController()
 3 SYSTEMPATH\CodeIgniter.php(353): CodeIgniter\CodeIgniter->handleRequest(null, Object(Config\Cache), false)
 4 FCPATH\index.php(79): CodeIgniter\CodeIgniter->run()
INFO - 2023-10-02 08:56:52 --> Session: Class initialized using 'CodeIgniter\Session\Handlers\FileHandler' driver.
WARNING - 2023-10-02 08:58:40 --> [DEPRECATED] Creation of dynamic property App\Controllers\Admin::$M_admin is deprecated in APPPATH\Controllers\Admin.php on line 11.
 1 SYSTEMPATH\CodeIgniter.php(887): App\Controllers\Admin->__construct()
 2 SYSTEMPATH\CodeIgniter.php(483): CodeIgniter\CodeIgniter->createController()
 3 SYSTEMPATH\CodeIgniter.php(353): CodeIgniter\CodeIgniter->handleRequest(null, Object(Config\Cache), false)
 4 FCPATH\index.php(79): CodeIgniter\CodeIgniter->run()
INFO - 2023-10-02 08:58:40 --> Session: Class initialized using 'CodeIgniter\Session\Handlers\FileHandler' driver.
WARNING - 2023-10-02 08:58:40 --> [DEPRECATED] Creation of dynamic property App\Controllers\Admin::$M_admin is deprecated in APPPATH\Controllers\Admin.php on line 11.
 1 SYSTEMPATH\CodeIgniter.php(887): App\Controllers\Admin->__construct()
 2 SYSTEMPATH\CodeIgniter.php(483): CodeIgniter\CodeIgniter->createController()
 3 SYSTEMPATH\CodeIgniter.php(353): CodeIgniter\CodeIgniter->handleRequest(null, Object(Config\Cache), false)
 4 FCPATH\index.php(79): CodeIgniter\CodeIgniter->run()
WARNING - 2023-10-02 08:58:44 --> [DEPRECATED] Creation of dynamic property App\Controllers\Admin::$M_admin is deprecated in APPPATH\Controllers\Admin.php on line 11.
 1 SYSTEMPATH\CodeIgniter.php(887): App\Controllers\Admin->__construct()
 2 SYSTEMPATH\CodeIgniter.php(483): CodeIgniter\CodeIgniter->createController()
 3 SYSTEMPATH\CodeIgniter.php(353): CodeIgniter\CodeIgniter->handleRequest(null, Object(Config\Cache), false)
 4 FCPATH\index.php(79): CodeIgniter\CodeIgniter->run()
ERROR - 2023-10-02 08:58:44 --> mysqli_sql_exception: Unknown column 'siswa.id_magang' in 'on clause' in C:\xampp\htdocs\sim-magang\system\Database\MySQLi\Connection.php:306
Stack trace:
#0 C:\xampp\htdocs\sim-magang\system\Database\MySQLi\Connection.php(306): mysqli->query('SELECT *\nFROM `...', 0)
#1 C:\xampp\htdocs\sim-magang\system\Database\BaseConnection.php(692): CodeIgniter\Database\MySQLi\Connection->execute('SELECT *\nFROM `...')
#2 C:\xampp\htdocs\sim-magang\system\Database\BaseConnection.php(606): CodeIgniter\Database\BaseConnection->simpleQuery('SELECT *\nFROM `...')
#3 C:\xampp\htdocs\sim-magang\system\Database\BaseBuilder.php(1616): CodeIgniter\Database\BaseConnection->query('SELECT *\nFROM `...', Array, false)
#4 C:\xampp\htdocs\sim-magang\app\Models\M_admin.php(30): CodeIgniter\Database\BaseBuilder->get()
#5 C:\xampp\htdocs\sim-magang\app\Controllers\Admin.php(93): App\Models\M_admin->all_data_siswa()
#6 C:\xampp\htdocs\sim-magang\system\CodeIgniter.php(915): App\Controllers\Admin->listsiswa()
#7 C:\xampp\htdocs\sim-magang\system\CodeIgniter.php(492): CodeIgniter\CodeIgniter->runController(Object(App\Controllers\Admin))
#8 C:\xampp\htdocs\sim-magang\system\CodeIgniter.php(353): CodeIgniter\CodeIgniter->handleRequest(NULL, Object(Config\Cache), false)
#9 C:\xampp\htdocs\sim-magang\public\index.php(79): CodeIgniter\CodeIgniter->run()
#10 {main}
CRITICAL - 2023-10-02 08:58:44 --> Unknown column 'siswa.id_magang' in 'on clause'
in SYSTEMPATH\Database\BaseConnection.php on line 646.
 1 SYSTEMPATH\Database\BaseBuilder.php(1616): CodeIgniter\Database\BaseConnection->query('SELECT *
FROM `siswa`
LEFT JOIN `magang` ON `magang`.`id_magang` = `siswa`.`id_magang`
ORDER BY `id_siswa` DESC', [], false)
 2 APPPATH\Models\M_admin.php(30): CodeIgniter\Database\BaseBuilder->get()
 3 APPPATH\Controllers\Admin.php(93): App\Models\M_admin->all_data_siswa()
 4 SYSTEMPATH\CodeIgniter.php(915): App\Controllers\Admin->listsiswa()
 5 SYSTEMPATH\CodeIgniter.php(492): CodeIgniter\CodeIgniter->runController(Object(App\Controllers\Admin))
 6 SYSTEMPATH\CodeIgniter.php(353): CodeIgniter\CodeIgniter->handleRequest(null, Object(Config\Cache), false)
 7 FCPATH\index.php(79): CodeIgniter\CodeIgniter->run()
WARNING - 2023-10-02 08:58:48 --> [DEPRECATED] Creation of dynamic property App\Controllers\Admin::$M_admin is deprecated in APPPATH\Controllers\Admin.php on line 11.
 1 SYSTEMPATH\CodeIgniter.php(887): App\Controllers\Admin->__construct()
 2 SYSTEMPATH\CodeIgniter.php(483): CodeIgniter\CodeIgniter->createController()
 3 SYSTEMPATH\CodeIgniter.php(353): CodeIgniter\CodeIgniter->handleRequest(null, Object(Config\Cache), false)
 4 FCPATH\index.php(79): CodeIgniter\CodeIgniter->run()
WARNING - 2023-10-02 08:58:50 --> [DEPRECATED] Creation of dynamic property App\Controllers\Admin::$M_admin is deprecated in APPPATH\Controllers\Admin.php on line 11.
 1 SYSTEMPATH\CodeIgniter.php(887): App\Controllers\Admin->__construct()
 2 SYSTEMPATH\CodeIgniter.php(483): CodeIgniter\CodeIgniter->createController()
 3 SYSTEMPATH\CodeIgniter.php(353): CodeIgniter\CodeIgniter->handleRequest(null, Object(Config\Cache), false)
 4 FCPATH\index.php(79): CodeIgniter\CodeIgniter->run()
INFO - 2023-10-02 08:58:50 --> Session: Class initialized using 'CodeIgniter\Session\Handlers\FileHandler' driver.
WARNING - 2023-10-02 08:58:52 --> [DEPRECATED] Creation of dynamic property App\Controllers\Admin::$M_admin is deprecated in APPPATH\Controllers\Admin.php on line 11.
 1 SYSTEMPATH\CodeIgniter.php(887): App\Controllers\Admin->__construct()
 2 SYSTEMPATH\CodeIgniter.php(483): CodeIgniter\CodeIgniter->createController()
 3 SYSTEMPATH\CodeIgniter.php(353): CodeIgniter\CodeIgniter->handleRequest(null, Object(Config\Cache), false)
 4 FCPATH\index.php(79): CodeIgniter\CodeIgniter->run()
ERROR - 2023-10-02 08:58:52 --> mysqli_sql_exception: Unknown column 'siswa.id_magang' in 'on clause' in C:\xampp\htdocs\sim-magang\system\Database\MySQLi\Connection.php:306
Stack trace:
#0 C:\xampp\htdocs\sim-magang\system\Database\MySQLi\Connection.php(306): mysqli->query('SELECT *\nFROM `...', 0)
#1 C:\xampp\htdocs\sim-magang\system\Database\BaseConnection.php(692): CodeIgniter\Database\MySQLi\Connection->execute('SELECT *\nFROM `...')
#2 C:\xampp\htdocs\sim-magang\system\Database\BaseConnection.php(606): CodeIgniter\Database\BaseConnection->simpleQuery('SELECT *\nFROM `...')
#3 C:\xampp\htdocs\sim-magang\system\Database\BaseBuilder.php(1616): CodeIgniter\Database\BaseConnection->query('SELECT *\nFROM `...', Array, false)
#4 C:\xampp\htdocs\sim-magang\app\Models\M_admin.php(30): CodeIgniter\Database\BaseBuilder->get()
#5 C:\xampp\htdocs\sim-magang\app\Controllers\Admin.php(93): App\Models\M_admin->all_data_siswa()
#6 C:\xampp\htdocs\sim-magang\system\CodeIgniter.php(915): App\Controllers\Admin->listsiswa()
#7 C:\xampp\htdocs\sim-magang\system\CodeIgniter.php(492): CodeIgniter\CodeIgniter->runController(Object(App\Controllers\Admin))
#8 C:\xampp\htdocs\sim-magang\system\CodeIgniter.php(353): CodeIgniter\CodeIgniter->handleRequest(NULL, Object(Config\Cache), false)
#9 C:\xampp\htdocs\sim-magang\public\index.php(79): CodeIgniter\CodeIgniter->run()
#10 {main}
CRITICAL - 2023-10-02 08:58:52 --> Unknown column 'siswa.id_magang' in 'on clause'
in SYSTEMPATH\Database\BaseConnection.php on line 646.
 1 SYSTEMPATH\Database\BaseBuilder.php(1616): CodeIgniter\Database\BaseConnection->query('SELECT *
FROM `siswa`
LEFT JOIN `magang` ON `magang`.`id_magang` = `siswa`.`id_magang`
ORDER BY `id_siswa` DESC', [], false)
 2 APPPATH\Models\M_admin.php(30): CodeIgniter\Database\BaseBuilder->get()
 3 APPPATH\Controllers\Admin.php(93): App\Models\M_admin->all_data_siswa()
 4 SYSTEMPATH\CodeIgniter.php(915): App\Controllers\Admin->listsiswa()
 5 SYSTEMPATH\CodeIgniter.php(492): CodeIgniter\CodeIgniter->runController(Object(App\Controllers\Admin))
 6 SYSTEMPATH\CodeIgniter.php(353): CodeIgniter\CodeIgniter->handleRequest(null, Object(Config\Cache), false)
 7 FCPATH\index.php(79): CodeIgniter\CodeIgniter->run()
WARNING - 2023-10-02 09:00:02 --> [DEPRECATED] Creation of dynamic property App\Controllers\Admin::$M_admin is deprecated in APPPATH\Controllers\Admin.php on line 11.
 1 SYSTEMPATH\CodeIgniter.php(887): App\Controllers\Admin->__construct()
 2 SYSTEMPATH\CodeIgniter.php(483): CodeIgniter\CodeIgniter->createController()
 3 SYSTEMPATH\CodeIgniter.php(353): CodeIgniter\CodeIgniter->handleRequest(null, Object(Config\Cache), false)
 4 FCPATH\index.php(79): CodeIgniter\CodeIgniter->run()
WARNING - 2023-10-02 09:00:03 --> [DEPRECATED] Creation of dynamic property App\Controllers\Admin::$M_admin is deprecated in APPPATH\Controllers\Admin.php on line 11.
 1 SYSTEMPATH\CodeIgniter.php(887): App\Controllers\Admin->__construct()
 2 SYSTEMPATH\CodeIgniter.php(483): CodeIgniter\CodeIgniter->createController()
 3 SYSTEMPATH\CodeIgniter.php(353): CodeIgniter\CodeIgniter->handleRequest(null, Object(Config\Cache), false)
 4 FCPATH\index.php(79): CodeIgniter\CodeIgniter->run()
INFO - 2023-10-02 09:00:03 --> Session: Class initialized using 'CodeIgniter\Session\Handlers\FileHandler' driver.
WARNING - 2023-10-02 09:00:23 --> [DEPRECATED] Creation of dynamic property App\Controllers\Admin::$M_admin is deprecated in APPPATH\Controllers\Admin.php on line 11.
 1 SYSTEMPATH\CodeIgniter.php(887): App\Controllers\Admin->__construct()
 2 SYSTEMPATH\CodeIgniter.php(483): CodeIgniter\CodeIgniter->createController()
 3 SYSTEMPATH\CodeIgniter.php(353): CodeIgniter\CodeIgniter->handleRequest(null, Object(Config\Cache), false)
 4 FCPATH\index.php(79): CodeIgniter\CodeIgniter->run()
INFO - 2023-10-02 09:00:23 --> Session: Class initialized using 'CodeIgniter\Session\Handlers\FileHandler' driver.
WARNING - 2023-10-02 09:00:23 --> [DEPRECATED] Creation of dynamic property App\Controllers\Admin::$M_admin is deprecated in APPPATH\Controllers\Admin.php on line 11.
 1 SYSTEMPATH\CodeIgniter.php(887): App\Controllers\Admin->__construct()
 2 SYSTEMPATH\CodeIgniter.php(483): CodeIgniter\CodeIgniter->createController()
 3 SYSTEMPATH\CodeIgniter.php(353): CodeIgniter\CodeIgniter->handleRequest(null, Object(Config\Cache), false)
 4 FCPATH\index.php(79): CodeIgniter\CodeIgniter->run()
WARNING - 2023-10-02 09:00:39 --> [DEPRECATED] Creation of dynamic property App\Controllers\Admin::$M_admin is deprecated in APPPATH\Controllers\Admin.php on line 11.
 1 SYSTEMPATH\CodeIgniter.php(887): App\Controllers\Admin->__construct()
 2 SYSTEMPATH\CodeIgniter.php(483): CodeIgniter\CodeIgniter->createController()
 3 SYSTEMPATH\CodeIgniter.php(353): CodeIgniter\CodeIgniter->handleRequest(null, Object(Config\Cache), false)
 4 FCPATH\index.php(79): CodeIgniter\CodeIgniter->run()
WARNING - 2023-10-02 09:00:59 --> [DEPRECATED] Creation of dynamic property App\Controllers\Admin::$M_admin is deprecated in APPPATH\Controllers\Admin.php on line 11.
 1 SYSTEMPATH\CodeIgniter.php(887): App\Controllers\Admin->__construct()
 2 SYSTEMPATH\CodeIgniter.php(483): CodeIgniter\CodeIgniter->createController()
 3 SYSTEMPATH\CodeIgniter.php(353): CodeIgniter\CodeIgniter->handleRequest(null, Object(Config\Cache), false)
 4 FCPATH\index.php(79): CodeIgniter\CodeIgniter->run()
